::1 - - [10/Feb/2026:05:03:39 +0000] "GET /products/ HTTP/1.1" 304 - "-" "Mozilla/5.0 (Windows NT 10.0; Win64; x64) AppleWebKit/537.36 (KHTML, like Gecko) Chrome/144.0.0.0 Safari/537.36"
::1 - - [10/Feb/2026:05:03:39 +0000] "GET /css/main.css HTTP/1.1" 304 - "-" "Mozilla/5.0 (Windows NT 10.0; Win64; x64) AppleWebKit/537.36 (KHTML, like Gecko) Chrome/144.0.0.0 Safari/537.36"
::1 - - [10/Feb/2026:05:03:39 +0000] "GET /css/product.css HTTP/1.1" 304 - "-" "Mozilla/5.0 (Windows NT 10.0; Win64; x64) AppleWebKit/537.36 (KHTML, like Gecko) Chrome/144.0.0.0 Safari/537.36"
::1 - - [10/Feb/2026:05:03:39 +0000] "GET /images/1770647320258-download.jpg HTTP/1.1" 304 - "-" "Mozilla/5.0 (Windows NT 10.0; Win64; x64) AppleWebKit/537.36 (KHTML, like Gecko) Chrome/144.0.0.0 Safari/537.36"
::1 - - [10/Feb/2026:05:03:39 +0000] "GET /js/main.js HTTP/1.1" 304 - "-" "Mozilla/5.0 (Windows NT 10.0; Win64; x64) AppleWebKit/537.36 (KHTML, like Gecko) Chrome/144.0.0.0 Safari/537.36"
::1 - - [10/Feb/2026:05:03:39 +0000] "GET /images/1770647451120-download%20(8).jpg HTTP/1.1" 304 - "-" "Mozilla/5.0 (Windows NT 10.0; Win64; x64) AppleWebKit/537.36 (KHTML, like Gecko) Chrome/144.0.0.0 Safari/537.36"
GET /products/ 304 - - 55.805 ms
GET /css/main.css 304 - - 1.432 ms
GET /css/product.css 304 - - 1.569 ms
GET /images/1770647320258-download.jpg 304 - - 3.105 ms
GET /images/1770647451120-download%20(8).jpg 304 - - 2.126 ms
GET /js/main.js 304 - - 0.875 ms
GET / 200 - - 100.945 ms
GET /css/main.css 200 - - 3.334 ms
GET /css/product.css 200 379 - 28.344 ms
GET /js/main.js 200 519 - 14.990 ms
GET /images/1770647320258-download.jpg 200 6694 - 14.379 ms
GET /images/1770647451120-download%20(8).jpg 200 4841 - 13.598 ms
GET /favicon.ico 404 - - 12.939 ms
GET /seeFriends 404 - - 33.326 ms
GET /css/main.css 304 - - 2.878 ms
GET /js/main.js 304 - - 2.471 ms
GET /favicon.ico 404 - - 7.617 ms
GET / 200 - - 409.413 ms
GET /css/main.css 304 - - 1.353 ms
GET /css/product.css 304 - - 1.861 ms
GET /js/main.js 304 - - 1.735 ms
GET /favicon.ico 404 - - 8.195 ms
GET /login 200 - - 14.372 ms
GET /css/main.css 304 - - 0.761 ms
GET /css/forms.css 304 - - 0.996 ms
GET /css/auth.css 304 - - 1.422 ms
GET /js/main.js 304 - - 0.767 ms
POST /login 302 35 - 297.069 ms
GET /login 200 - - 22.044 ms
GET /css/main.css 304 - - 1.289 ms
GET /css/forms.css 304 - - 1.726 ms
GET /css/auth.css 304 - - 0.863 ms
GET /js/main.js 304 - - 0.626 ms
GET /signup 200 - - 7.001 ms
GET /css/main.css 304 - - 0.369 ms
GET /css/forms.css 304 - - 0.991 ms
GET /css/auth.css 304 - - 0.896 ms
GET /js/main.js 304 - - 0.312 ms
POST /signup 302 35 - 3375.953 ms
GET /login 200 - - 19.581 ms
GET /css/main.css 304 - - 1.124 ms
GET /css/forms.css 304 - - 1.005 ms
GET /css/auth.css 304 - - 0.904 ms
GET /js/main.js 304 - - 0.970 ms
GET /signup 200 - - 50.074 ms
GET /css/main.css 304 - - 3.383 ms
GET /css/forms.css 304 - - 1.448 ms
GET /css/auth.css 304 - - 1.016 ms
GET /js/main.js 304 - - 1.005 ms
POST /signup 302 35 - 1799.907 ms
GET /login 200 - - 19.766 ms
GET /css/main.css 304 - - 0.663 ms
GET /css/forms.css 304 - - 3.280 ms
GET /css/auth.css 304 - - 2.688 ms
GET /js/main.js 304 - - 0.762 ms
POST /login 302 30 - 1513.857 ms
GET / 200 - - 584.139 ms
GET /css/main.css 304 - - 2.026 ms
GET /css/product.css 304 - - 2.257 ms
GET /js/main.js 304 - - 1.982 ms
GET /admin/add-product 200 - - 264.519 ms
GET /css/main.css 304 - - 0.458 ms
GET /css/forms.css 304 - - 0.783 ms
GET /css/product.css 304 - - 1.308 ms
GET /js/main.js 304 - - 0.708 ms
POST /admin/add-product 302 44 - 334.582 ms
GET /admin/products 200 - - 399.506 ms
GET /css/main.css 304 - - 0.821 ms
GET /css/product.css 304 - - 0.914 ms
GET /js/main.js 304 - - 1.399 ms
GET /js/admin.js 304 - - 1.831 ms
GET /images/1770725087745-download%20(1).jpg 200 10738 - 8.190 ms
GET /products/ 200 - - 556.991 ms
GET /css/main.css 304 - - 0.861 ms
GET /css/product.css 304 - - 0.920 ms
GET /js/main.js 304 - - 0.455 ms
GET /images/1770725087745-download%20(1).jpg 304 - - 1.316 ms
GET / 200 - - 607.992 ms
GET /css/main.css 304 - - 0.378 ms
GET /css/product.css 304 - - 1.276 ms
GET /js/main.js 304 - - 1.125 ms
GET /images/1770725087745-download%20(1).jpg 304 - - 3.033 ms
GET /cart 200 - - 227.351 ms
GET /css/main.css 304 - - 0.679 ms
GET /css/cart.css 304 - - 1.750 ms
GET /js/main.js 304 - - 1.569 ms
GET /products/ 200 - - 624.898 ms
GET /css/main.css 304 - - 0.572 ms
GET /css/product.css 304 - - 1.458 ms
GET /js/main.js 304 - - 1.123 ms
GET /images/1770725087745-download%20(1).jpg 304 - - 2.142 ms
GET /orders 200 - - 485.047 ms
GET /css/main.css 304 - - 0.437 ms
GET /css/orders.css 304 - - 1.579 ms
GET /js/main.js 304 - - 1.427 ms
GET /products/ 200 - - 548.674 ms
GET /css/main.css 304 - - 0.377 ms
GET /css/product.css 304 - - 1.224 ms
GET /js/main.js 304 - - 0.949 ms
GET /images/1770725087745-download%20(1).jpg 304 - - 2.072 ms
POST /cart/698b1edf2b436dc0e34cd8c8 302 34 - 678.414 ms
GET /cart 200 - - 200.835 ms
GET /css/main.css 304 - - 0.390 ms
GET /css/cart.css 304 - - 0.961 ms
GET /js/main.js 304 - - 0.934 ms
GET /products/ 200 - - 622.450 ms
GET /css/main.css 304 - - 1.662 ms
GET /css/product.css 304 - - 1.296 ms
GET /js/main.js 304 - - 0.703 ms
GET /images/1770725087745-download%20(1).jpg 304 - - 2.230 ms
POST /cart/698b1edf2b436dc0e34cd8c8 302 34 - 619.523 ms
GET /cart 200 - - 207.114 ms
GET /css/main.css 304 - - 0.534 ms
GET /css/cart.css 304 - - 0.784 ms
GET /js/main.js 304 - - 0.693 ms
GET /checkout 200 - - 165.507 ms
GET /css/main.css 304 - - 0.591 ms
GET /css/cart.css 304 - - 0.443 ms
GET /js/main.js 304 - - 0.405 ms
GET /checkout 200 - - 201.274 ms
GET /css/main.css 304 - - 1.269 ms
GET /css/cart.css 304 - - 1.079 ms
GET /js/main.js 304 - - 1.040 ms
GET /css/main.css 304 - - 0.695 ms
GET /css/cart.css 304 - - 0.367 ms
GET /.well-known/appspecific/com.chrome.devtools.json 404 - - 152.954 ms
GET / 200 - - 400.161 ms
GET /css/main.css 304 - - 1.960 ms
GET /css/product.css 304 - - 1.784 ms
GET /images/1770725087745-download%20(1).jpg 304 - - 4.050 ms
GET /js/main.js 304 - - 2.762 ms
GET /favicon.ico 404 - - 10.324 ms
GET /login 200 - - 24.815 ms
GET /css/main.css 304 - - 3.354 ms
GET /css/forms.css 304 - - 2.879 ms
GET /css/auth.css 304 - - 2.608 ms
GET /js/main.js 304 - - 0.765 ms
POST /login 302 30 - 3415.680 ms
GET / 200 - - 471.197 ms
GET /css/main.css 304 - - 0.633 ms
GET /css/product.css 304 - - 1.110 ms
GET /js/main.js 304 - - 1.056 ms
GET /images/1770725087745-download%20(1).jpg 304 - - 19.144 ms
GET /cart 200 - - 207.664 ms
GET /css/main.css 304 - - 0.679 ms
GET /css/cart.css 304 - - 0.978 ms
GET /js/main.js 304 - - 1.015 ms
GET /checkout 200 - - 249.814 ms
GET /css/main.css 304 - - 0.539 ms
GET /css/cart.css 304 - - 0.465 ms
GET /js/main.js 304 - - 0.310 ms
GET /css/main.css 304 - - 0.986 ms
GET /css/cart.css 304 - - 1.140 ms
GET /.well-known/appspecific/com.chrome.devtools.json 404 - - 159.073 ms
GET /checkout 200 - - 167.186 ms
GET /css/main.css 304 - - 1.265 ms
GET /css/cart.css 304 - - 1.301 ms
GET /js/main.js 304 - - 0.511 ms
GET /.well-known/appspecific/com.chrome.devtools.json 404 - - 146.562 ms
GET /checkout 200 - - 196.053 ms
GET /css/main.css 304 - - 1.161 ms
GET /css/cart.css 304 - - 2.455 ms
GET /js/main.js 304 - - 2.577 ms
GET /js/checkout.js 200 276 - 11.075 ms
GET /.well-known/appspecific/com.chrome.devtools.json 404 - - 173.984 ms
POST /create-checkout-session 200 443 - 1367.446 ms
GET /create-order 302 36 - 562.171 ms
GET /orders 200 - - 335.075 ms
GET /css/main.css 304 - - 0.764 ms
GET /js/main.js 304 - - 1.404 ms
GET /css/orders.css 304 - - 1.418 ms
GET /invoice/698b23351475b313d26c3e6e 200 - - 374.158 ms
GET /orders 200 - - 338.810 ms
GET /css/main.css 304 - - 2.157 ms
GET /css/orders.css 304 - - 2.270 ms
GET /js/main.js 304 - - 0.446 ms
GET /orders 200 - - 321.060 ms
GET /css/main.css 304 - - 0.687 ms
GET /css/orders.css 304 - - 1.016 ms
GET /js/main.js 304 - - 1.805 ms
GET /products/ 200 - - 682.175 ms
GET /css/main.css 304 - - 1.137 ms
GET /css/product.css 304 - - 1.683 ms
GET /js/main.js 304 - - 0.930 ms
GET /images/1770725087745-download%20(1).jpg 304 - - 1.304 ms
GET / 200 - - 463.283 ms
GET /css/main.css 304 - - 1.026 ms
GET /css/product.css 304 - - 1.075 ms
GET /js/main.js 304 - - 0.401 ms
GET /images/1770725087745-download%20(1).jpg 304 - - 2.152 ms
GET / 200 - - 451.714 ms
GET /css/main.css 304 - - 0.611 ms
GET /css/product.css 304 - - 1.835 ms
GET /images/1770725087745-download%20(1).jpg 304 - - 1.850 ms
GET /js/main.js 304 - - 0.934 ms
GET /products/ 200 - - 651.530 ms
GET /css/main.css 304 - - 0.490 ms
GET /css/product.css 304 - - 0.671 ms
GET /js/main.js 304 - - 0.388 ms
GET /images/1770725087745-download%20(1).jpg 304 - - 1.969 ms
GET /cart 200 - - 207.014 ms
GET /css/main.css 304 - - 0.998 ms
GET /css/cart.css 304 - - 1.083 ms
GET /js/main.js 304 - - 0.523 ms
GET /orders 200 - - 383.470 ms
GET /css/main.css 304 - - 0.868 ms
GET /css/orders.css 304 - - 0.823 ms
GET /js/main.js 304 - - 1.466 ms
GET /admin/products 200 - - 457.297 ms
GET /css/main.css 304 - - 0.614 ms
GET /css/product.css 304 - - 1.133 ms
GET /js/main.js 304 - - 0.932 ms
GET /images/1770725087745-download%20(1).jpg 304 - - 2.137 ms
GET /js/admin.js 304 - - 0.836 ms
GET /admin/edit-product/698b1edf2b436dc0e34cd8c8?edit=true 200 - - 364.687 ms
GET /css/main.css 304 - - 1.902 ms
GET /css/forms.css 304 - - 1.759 ms
GET /css/product.css 304 - - 2.265 ms
GET /js/main.js 304 - - 1.015 ms
POST /admin/edit-product/698b1edf2b436dc0e34cd8c8 302 44 - 526.856 ms
GET /admin/products 200 - - 410.116 ms
GET /css/main.css 304 - - 0.447 ms
GET /css/product.css 304 - - 0.751 ms
GET /images/1770725087745-download%20(1).jpg 304 - - 1.202 ms
GET /js/main.js 304 - - 0.743 ms
GET /js/admin.js 304 - - 0.747 ms
POST /user 200 30 - 179.175 ms
DELETE /admin/product/698b1edf2b436dc0e34cd8c8 200 22 - 483.611 ms
GET /admin/add-product 200 - - 165.261 ms
GET /css/main.css 304 - - 0.505 ms
GET /css/forms.css 304 - - 1.000 ms
GET /css/product.css 304 - - 0.959 ms
GET /js/main.js 304 - - 0.365 ms
POST /admin/add-product 302 44 - 490.919 ms
GET /admin/products 200 - - 395.407 ms
GET /css/main.css 304 - - 0.933 ms
GET /css/product.css 304 - - 2.152 ms
GET /js/main.js 304 - - 1.792 ms
GET /js/admin.js 304 - - 0.886 ms
GET /images/1770726531929-download%20(1).jpg 200 10738 - 6.246 ms
GET /products/ 200 - - 522.325 ms
GET /css/main.css 304 - - 1.065 ms
GET /css/product.css 304 - - 1.247 ms
GET /js/main.js 304 - - 1.027 ms
GET /images/1770726531929-download%20(1).jpg 304 - - 1.947 ms
POST /cart/698b24841475b313d26c3e9d 302 34 - 613.562 ms
GET /cart 200 - - 200.834 ms
GET /css/main.css 304 - - 0.436 ms
GET /css/cart.css 304 - - 0.696 ms
GET /js/main.js 304 - - 0.720 ms
GET /admin/products 200 - - 417.289 ms
GET /css/main.css 304 - - 0.366 ms
GET /css/product.css 304 - - 1.283 ms
GET /js/main.js 304 - - 1.415 ms
GET /images/1770726531929-download%20(1).jpg 304 - - 2.511 ms
GET /js/admin.js 304 - - 1.566 ms
POST /user 200 30 - 162.153 ms
DELETE /admin/product/698b24841475b313d26c3e9d 200 22 - 495.848 ms
GET /cart 200 - - 164.074 ms
GET /css/main.css 304 - - 0.571 ms
GET /css/cart.css 304 - - 0.798 ms
GET /js/main.js 304 - - 0.813 ms
GET /checkout 200 - - 258.452 ms
GET /css/main.css 304 - - 0.602 ms
GET /css/cart.css 304 - - 1.534 ms
GET /js/main.js 304 - - 1.537 ms
GET /js/checkout.js 304 - - 1.231 ms
GET /products/ 200 - - 587.774 ms
GET /css/main.css 304 - - 0.526 ms
GET /css/product.css 304 - - 0.694 ms
GET /js/main.js 304 - - 0.676 ms
GET /cart 200 - - 273.770 ms
GET /css/main.css 304 - - 0.444 ms
GET /css/cart.css 304 - - 0.782 ms
GET /js/main.js 304 - - 0.834 ms
POST /delete-product-item 302 34 - 416.312 ms
GET /cart 200 - - 222.633 ms
GET /css/main.css 304 - - 0.683 ms
GET /css/cart.css 304 - - 1.284 ms
GET /js/main.js 304 - - 0.622 ms
GET /products/ 200 - - 466.759 ms
GET /css/main.css 304 - - 0.444 ms
GET /css/product.css 304 - - 1.839 ms
GET /js/main.js 304 - - 1.648 ms
GET /orders 200 - - 463.120 ms
GET /css/main.css 304 - - 1.281 ms
GET /css/orders.css 304 - - 1.088 ms
GET /js/main.js 304 - - 0.574 ms
